--- Preprocessing complete ---
{
  "total_panoramas": 359,
  "frames_train": 5652,
  "frames_test": 810,
  "matched_with_trajectory": 130,
  "matched_with_metadata": 229,
  "view_angles": [
    [
      0.0,
      -45.0
    ],
    [
      60.0,
      -45.0
    ],
    [
      120.0,
      -45.0
    ],
    [
      180.0,
      -45.0
    ],
    [
      240.0,
      -45.0
    ],
    [
      300.0,
      -45.0
    ],
    [
      0.0,
      0.0
    ],
    [
      60.0,
      0.0
    ],
    [
      120.0,
      0.0
    ],
    [
      180.0,
      0.0
    ],
    [
      240.0,
      0.0
    ],
    [
      300.0,
      0.0
    ],
    [
      0.0,
      45.0
    ],
    [
      60.0,
      45.0
    ],
    [
      120.0,
      45.0
    ],
    [
      180.0,
      45.0
    ],
    [
      240.0,
      45.0
    ],
    [
      300.0,
      45.0
    ]
  ],
  "cube_face_resolution": 1024,
  "has_depths": true,
  "depth_scale": 1000.0,
  "depth_max_distance": 30.0,
  "depth_splat_radius": 1
}
